<?xml version="1.0" encoding="UTF-8"?>
<!-- Generated by org.testng.reporters.JUnitXMLReporter -->
<testsuite hostname="Moms_Laptop" name="Default test" tests="3" failures="0" timestamp="2 Sep 2020 04:05:49 GMT" time="59.347" errors="0">
  <testcase name="loginPageTitleTest" time="0.054" classname="com.mmp.qa.testcases.PateintLoginPageTest"/>
  <testcase name="loginpatienceTest" time="6.474" classname="com.mmp.qa.testcases.PateintLoginPageTest"/>
  <testcase name="forgotpasswdLinkTest" time="0.405" classname="com.mmp.qa.testcases.PateintLoginPageTest"/>
</testsuite> <!-- Default test -->
