<?xml version="1.0" encoding="UTF-8"?>
<!-- Generated by org.testng.reporters.JUnitXMLReporter -->
<testsuite hostname="Moms_Laptop" name="Test(failed)" tests="3" failures="0" timestamp="31 Aug 2020 21:19:33 GMT" time="32.517" errors="0">
  <testcase name="@BeforeMethod setUp" time="0.0" classname="com.mmp.qa.testcases.PatientScheduleApptPage2Test">
    <failure type="java.lang.Error" message="Unresolved compilation problem: 
	Type mismatch: cannot convert from PatientPortalHomePage to PatientScheduleApptPage2
">
      <![CDATA[java.lang.Error: Unresolved compilation problem: 
	Type mismatch: cannot convert from PatientPortalHomePage to PatientScheduleApptPage2

	at com.mmp.qa.testcases.PatientScheduleApptPage2Test.setUp(PatientScheduleApptPage2Test.java:48)
	at com.mmp.qa.testcases.FailedTestCasee.main(FailedTestCasee.java:17)
... Removed 23 stack frames]]>
    </failure>
  </testcase> <!-- @BeforeMethod setUp -->
  <testcase name="@AfterMethod tearDown" time="0.0" classname="com.mmp.qa.testcases.PatientScheduleApptPage2Test">
    <skipped/>
  </testcase> <!-- @AfterMethod tearDown -->
  <testcase name="@BeforeMethod setUp" time="0.0" classname="com.mmp.qa.testcases.PatientScheduleApptPage2Test">
    <skipped/>
  </testcase> <!-- @BeforeMethod setUp -->
  <testcase name="@AfterMethod tearDown" time="0.0" classname="com.mmp.qa.testcases.PatientScheduleApptPage2Test">
    <skipped/>
  </testcase> <!-- @AfterMethod tearDown -->
  <testcase name="titlePageCheckTest" time="0.0" classname="com.mmp.qa.testcases.PatientScheduleApptPage2Test">
    <skipped/>
  </testcase> <!-- titlePageCheckTest -->
  <testcase name="pageTitleCheckTest" time="0.034" classname="com.mmp.qa.testcases.PatientScheduleApptProviderPage1Test"/>
  <testcase name="writeSymClickSubmitBtnTest" time="0.0" classname="com.mmp.qa.testcases.PatientScheduleApptPage2Test">
    <skipped/>
  </testcase> <!-- writeSymClickSubmitBtnTest -->
</testsuite> <!-- Test(failed) -->
