<?xml version="1.0" encoding="UTF-8"?>
<!-- Generated by org.testng.reporters.JUnitXMLReporter -->
<testsuite hostname="Moms_Laptop" name="Command line test" tests="4" failures="0" timestamp="2 Sep 2020 18:11:58 GMT" time="82.895" errors="0">
  <testcase name="pageTitleCheckTest" time="0.032" classname="com.mmp.qa.testcases.PatientScheduleApptProviderPage1Test"/>
  <testcase name="pateintLoginHomePageLogoTest" time="0.195" classname="com.mmp.qa.testcases.PatientLoginHomePageTest"/>
  <testcase name="forgotpasswdLinkTest" time="0.415" classname="com.mmp.qa.testcases.PateintLoginPageTest"/>
  <testcase name="validatePatientPortalPageLogoTest" time="0.082" classname="com.mmp.qa.testcases.PatientPortalHomePageTest"/>
</testsuite> <!-- Command line test -->
