<?xml version="1.0" encoding="UTF-8"?>
<testng-results skipped="0" failed="0" total="4" passed="4">
  <reporter-output>
  </reporter-output>
  <suite name="Command line suite" duration-ms="82895" started-at="2020-09-02T18:10:35Z" finished-at="2020-09-02T18:11:58Z">
    <groups>
    </groups>
    <test name="Command line test" duration-ms="82895" started-at="2020-09-02T18:10:35Z" finished-at="2020-09-02T18:11:58Z">
      <class name="com.mmp.qa.testcases.PatientPortalHomePageTest">
        <test-method status="PASS" signature="setUp()[pri:0, instance:com.mmp.qa.testcases.PatientPortalHomePageTest@7f560810]" name="setUp" is-config="true" duration-ms="20702" started-at="2020-09-02T14:11:37Z" finished-at="2020-09-02T14:11:57Z">
          <reporter-output>
          </reporter-output>
        </test-method> <!-- setUp -->
        <test-method status="PASS" signature="validatePatientPortalPageLogoTest()[pri:0, instance:com.mmp.qa.testcases.PatientPortalHomePageTest@7f560810]" name="validatePatientPortalPageLogoTest" duration-ms="82" started-at="2020-09-02T14:11:57Z" finished-at="2020-09-02T14:11:57Z">
          <reporter-output>
          </reporter-output>
        </test-method> <!-- validatePatientPortalPageLogoTest -->
        <test-method status="PASS" signature="tearDown()[pri:0, instance:com.mmp.qa.testcases.PatientPortalHomePageTest@7f560810]" name="tearDown" is-config="true" duration-ms="1008" started-at="2020-09-02T14:11:57Z" finished-at="2020-09-02T14:11:58Z">
          <reporter-output>
          </reporter-output>
        </test-method> <!-- tearDown -->
      </class> <!-- com.mmp.qa.testcases.PatientPortalHomePageTest -->
      <class name="com.mmp.qa.testcases.PatientScheduleApptProviderPage1Test">
        <test-method status="PASS" signature="setUp()[pri:0, instance:com.mmp.qa.testcases.PatientScheduleApptProviderPage1Test@531be3c5]" name="setUp" is-config="true" duration-ms="32096" started-at="2020-09-02T14:10:35Z" finished-at="2020-09-02T14:11:08Z">
          <reporter-output>
          </reporter-output>
        </test-method> <!-- setUp -->
        <test-method status="PASS" signature="pageTitleCheckTest()[pri:0, instance:com.mmp.qa.testcases.PatientScheduleApptProviderPage1Test@531be3c5]" name="pageTitleCheckTest" duration-ms="32" started-at="2020-09-02T14:11:08Z" finished-at="2020-09-02T14:11:08Z">
          <reporter-output>
          </reporter-output>
        </test-method> <!-- pageTitleCheckTest -->
        <test-method status="PASS" signature="tearDown()[pri:0, instance:com.mmp.qa.testcases.PatientScheduleApptProviderPage1Test@531be3c5]" name="tearDown" is-config="true" duration-ms="913" started-at="2020-09-02T14:11:08Z" finished-at="2020-09-02T14:11:09Z">
          <reporter-output>
          </reporter-output>
        </test-method> <!-- tearDown -->
      </class> <!-- com.mmp.qa.testcases.PatientScheduleApptProviderPage1Test -->
      <class name="com.mmp.qa.testcases.PateintLoginPageTest">
        <test-method status="PASS" signature="setUp()[pri:0, instance:com.mmp.qa.testcases.PateintLoginPageTest@26f67b76]" name="setUp" is-config="true" duration-ms="14393" started-at="2020-09-02T14:11:21Z" finished-at="2020-09-02T14:11:35Z">
          <reporter-output>
          </reporter-output>
        </test-method> <!-- setUp -->
        <test-method status="PASS" signature="forgotpasswdLinkTest()[pri:0, instance:com.mmp.qa.testcases.PateintLoginPageTest@26f67b76]" name="forgotpasswdLinkTest" duration-ms="415" started-at="2020-09-02T14:11:35Z" finished-at="2020-09-02T14:11:36Z">
          <reporter-output>
          </reporter-output>
        </test-method> <!-- forgotpasswdLinkTest -->
        <test-method status="PASS" signature="tearDown()[pri:0, instance:com.mmp.qa.testcases.PateintLoginPageTest@26f67b76]" name="tearDown" is-config="true" duration-ms="815" started-at="2020-09-02T14:11:36Z" finished-at="2020-09-02T14:11:37Z">
          <reporter-output>
          </reporter-output>
        </test-method> <!-- tearDown -->
      </class> <!-- com.mmp.qa.testcases.PateintLoginPageTest -->
      <class name="com.mmp.qa.testcases.PatientLoginHomePageTest">
        <test-method status="PASS" signature="setUp()[pri:0, instance:com.mmp.qa.testcases.PatientLoginHomePageTest@153f5a29]" name="setUp" is-config="true" duration-ms="10924" started-at="2020-09-02T14:11:09Z" finished-at="2020-09-02T14:11:19Z">
          <reporter-output>
          </reporter-output>
        </test-method> <!-- setUp -->
        <test-method status="PASS" signature="pateintLoginHomePageLogoTest()[pri:0, instance:com.mmp.qa.testcases.PatientLoginHomePageTest@153f5a29]" name="pateintLoginHomePageLogoTest" duration-ms="195" started-at="2020-09-02T14:11:19Z" finished-at="2020-09-02T14:11:20Z">
          <reporter-output>
          </reporter-output>
        </test-method> <!-- pateintLoginHomePageLogoTest -->
        <test-method status="PASS" signature="tearDown()[pri:0, instance:com.mmp.qa.testcases.PatientLoginHomePageTest@153f5a29]" name="tearDown" is-config="true" duration-ms="1279" started-at="2020-09-02T14:11:20Z" finished-at="2020-09-02T14:11:21Z">
          <reporter-output>
          </reporter-output>
        </test-method> <!-- tearDown -->
      </class> <!-- com.mmp.qa.testcases.PatientLoginHomePageTest -->
    </test> <!-- Command line test -->
  </suite> <!-- Command line suite -->
</testng-results>
