<?xml version="1.0" encoding="UTF-8"?>
<!-- Generated by org.testng.reporters.JUnitXMLReporter -->
<testsuite hostname="Moms_Laptop" name="Test" tests="21" failures="0" timestamp="2 Sep 2020 02:55:53 GMT" time="506.767" errors="0">
  <testcase name="validatePatientPortalUsernameCheckTest" time="0.106" classname="com.mmp.qa.testcases.PatientPortalHomePageTest"/>
  <testcase name="validatePatientPortalPageTitleTest" time="0.033" classname="com.mmp.qa.testcases.PatientPortalHomePageTest"/>
  <testcase name="validatePatientPortalPageLogoTest" time="0.095" classname="com.mmp.qa.testcases.PatientPortalHomePageTest"/>
  <testcase name="patientPoralProfilePageLinkTest" time="0.757" classname="com.mmp.qa.testcases.PatientPortalHomePageTest"/>
  <testcase name="patientPortalScheduleApptPageLinkTest" time="0.83" classname="com.mmp.qa.testcases.PatientPortalHomePageTest"/>
  <testcase name="patientPoralFeesPageLinkTest" time="0.858" classname="com.mmp.qa.testcases.PatientPortalHomePageTest"/>
  <testcase name="patientPortalSearchSymptPageLinkTest" time="0.791" classname="com.mmp.qa.testcases.PatientPortalHomePageTest"/>
  <testcase name="patientPortalMessagesPageLinkTest" time="0.799" classname="com.mmp.qa.testcases.PatientPortalHomePageTest"/>
  <testcase name="patientPortalLogoutLinkTest" time="0.612" classname="com.mmp.qa.testcases.PatientPortalHomePageTest"/>
  <testcase name="verifyPatientPortalTableEntryTest" time="0.693" classname="com.mmp.qa.testcases.PatientPortalHomePageTest"/>
  <testcase name="verifyPatientPortalTablelDocApptEntryTest" time="1.689" classname="com.mmp.qa.testcases.PatientPortalHomePageTest"/>
  <testcase name="createNewApptClickBtnTest" time="4.316" classname="com.mmp.qa.testcases.PatientPortalScheduleAppointmentPageTest"/>
  <testcase name="loginPageTitleTest" time="0.021" classname="com.mmp.qa.testcases.PateintLoginPageTest"/>
  <testcase name="loginpatienceTest" time="6.709" classname="com.mmp.qa.testcases.PateintLoginPageTest"/>
  <testcase name="forgotpasswdLinkTest" time="0.556" classname="com.mmp.qa.testcases.PateintLoginPageTest"/>
  <testcase name="pateintLoginHomePageTitleTest" time="0.027" classname="com.mmp.qa.testcases.PatientLoginHomePageTest"/>
  <testcase name="pateintLoginHomePageLogoTest" time="0.2" classname="com.mmp.qa.testcases.PatientLoginHomePageTest"/>
  <testcase name="pateintLoginHomePageLoginMainpageTest" time="3.786" classname="com.mmp.qa.testcases.PatientLoginHomePageTest"/>
  <testcase name="pageTitleCheckTest" time="0.033" classname="com.mmp.qa.testcases.PatientScheduleApptProviderPage1Test"/>
  <testcase name="schedApptInputTest" time="12.168" classname="com.mmp.qa.testcases.PatientScheduleApptProviderPage1Test"/>
  <testcase name="schedApptInputTest" time="12.442" classname="com.mmp.qa.testcases.PatientScheduleApptProviderPage1Test"/>
</testsuite> <!-- Test -->
